<?xml version="1.0" encoding="UTF-8"?>
<!-- Generated by org.testng.reporters.JUnitReportReporter -->
<testsuite skipped="0" hostname="DESKTOP-OO2PTSK" name="com.orangehrm.testcases.TC01_LoginFunctionality" tests="1" failures="0" timestamp="18 Mar 2022 16:15:58 GMT" time="29.765" errors="0">
  <testcase name="validateLoginFunctionality" time="29.765" classname="com.orangehrm.testcases.TC01_LoginFunctionality"/>
</testsuite> <!-- com.orangehrm.testcases.TC01_LoginFunctionality -->
